<?xml version="1.0" encoding="UTF-8"?>
<Site BuildName="(empty)"
	BuildStamp="20240520-0049-Experimental"
	Name="(empty)"
	Generator="ctest-3.29.3"
	CompilerName=""
	CompilerVersion=""
	OSName="macOS"
	Hostname="Kanishkas-MacBook-Pro.local"
	OSRelease="14.4.1"
	OSVersion="23E224"
	OSPlatform="arm64"
	Is64Bits="1"
	VendorString="IBM"
	VendorID="IBM"
	FamilyID="16777228"
	ModelID="2"
	ProcessorCacheSize="131072"
	NumberOfLogicalCPU="8"
	NumberOfPhysicalCPU="8"
	TotalVirtualMemory="1024"
	TotalPhysicalMemory="16384"
	LogicalProcessorsPerPhysical="8"
	ProcessorClockFrequency="0"
	>
	<Testing>
		<StartDateTime>May 20 10:49 AEST</StartDateTime>
		<StartTestTime>1716166174</StartTestTime>
		<TestList/>
		<EndDateTime>May 20 10:49 AEST</EndDateTime>
		<EndTestTime>1716166174</EndTestTime>
		<ElapsedMinutes>0</ElapsedMinutes>
	</Testing>
</Site>
